2023.05.29 18:09:04 INFO  Started: Metals version 0.11.12 in workspace '/Users/suyf/Library/CloudStorage/OneDrive-个人/myyyy-codespace/myyyy.github.io' for client Visual Studio Code 1.76.0.
5月 29, 2023 6:09:04 下午 org.flywaydb.core.internal.license.VersionPrinter printVersionOnly
信息: Flyway Community Edition 9.16.3 by Redgate
5月 29, 2023 6:09:04 下午 org.flywaydb.core.internal.license.VersionPrinter printVersion
信息: See release notes here: https://rd.gt/416ObMi
5月 29, 2023 6:09:04 下午 org.flywaydb.core.internal.license.VersionPrinter printVersion
信息: 
5月 29, 2023 6:09:04 下午 org.flywaydb.core.internal.database.base.BaseDatabaseType createDatabase
信息: Database: jdbc:h2:file:/Users/suyf/Library/CloudStorage/OneDrive-个人/myyyy-codespace/myyyy.github.io/.metals/metals (H2 2.1)
5月 29, 2023 6:09:04 下午 org.flywaydb.core.internal.schemahistory.JdbcTableSchemaHistory allAppliedMigrations
信息: Schema history table "PUBLIC"."flyway_schema_history" does not exist yet
5月 29, 2023 6:09:04 下午 org.flywaydb.core.internal.command.DbValidate validate
信息: Successfully validated 4 migrations (execution time 00:00.037s)
5月 29, 2023 6:09:04 下午 org.flywaydb.core.internal.schemahistory.JdbcTableSchemaHistory create
信息: Creating Schema History table "PUBLIC"."flyway_schema_history" ...
5月 29, 2023 6:09:05 下午 org.flywaydb.core.internal.command.DbMigrate migrateGroup
信息: Current version of schema "PUBLIC": << Empty Schema >>
5月 29, 2023 6:09:05 下午 org.flywaydb.core.internal.command.DbMigrate doMigrateGroup
信息: Migrating schema "PUBLIC" to version "1 - Create tables"
5月 29, 2023 6:09:05 下午 org.flywaydb.core.internal.command.DbMigrate doMigrateGroup
信息: Migrating schema "PUBLIC" to version "2 - Server discovery"
5月 29, 2023 6:09:05 下午 org.flywaydb.core.internal.command.DbMigrate doMigrateGroup
信息: Migrating schema "PUBLIC" to version "3 - Jar symbols"
5月 29, 2023 6:09:05 下午 org.flywaydb.core.internal.command.DbMigrate doMigrateGroup
信息: Migrating schema "PUBLIC" to version "4 - Fingerprints"
5月 29, 2023 6:09:05 下午 org.flywaydb.core.internal.command.DbMigrate logSummary
信息: Successfully applied 4 migrations to schema "PUBLIC", now at version v4 (execution time 00:00.130s)
2023.05.29 18:09:05 INFO  time: initialize in 1.35s
2023.05.29 18:09:08 WARN  Build server is not auto-connectable.
2023.05.29 18:09:08 WARN  no build tool detected in workspace '/Users/suyf/Library/CloudStorage/OneDrive-个人/myyyy-codespace/myyyy.github.io'. The most common cause for this problem is that the editor was opened in the wrong working directory, for example if you use sbt then the workspace directory should contain build.sbt. 
